<?xml version="1.0" encoding="UTF-8"?>
<!-- Generated by org.testng.reporters.JUnitXMLReporter -->
<testsuite ignored="0" hostname="DESKTOP-8V83TKI" failures="0" tests="6" name="ChromeTest" time="21.215" errors="0" timestamp="2022-06-06T16:00:15 IST">
  <testcase classname="TestClasses.SwagLabTestClass" name="verifyTest1" time="0.059"/>
  <testcase classname="TestClasses.SwagLabTestClass" name="verifyTest5" time="1.009"/>
  <testcase classname="TestClasses.SwagLabTestClass" name="verifyTest2" time="0.298"/>
  <testcase classname="TestClasses.SwagLabTestClass" name="verifyTest23" time="0.363"/>
  <testcase classname="TestClasses.SwagLabTestClass" name="verifyTest3" time="0.176"/>
  <testcase classname="TestClasses.SwagLabTestClass" name="verifyTest4" time="0.781"/>
</testsuite> <!-- ChromeTest -->
