<?xml version="1.0" encoding="UTF-8"?>
<!-- Generated by org.testng.reporters.JUnitXMLReporter -->
<testsuite ignored="0" hostname="DESKTOP-8V83TKI" failures="0" tests="6" name="FireFoxTest" time="49.402" errors="0" timestamp="2022-06-06T16:01:05 IST">
  <testcase classname="TestClasses.SwagLabTestClass" name="verifyTest1" time="0.008"/>
  <testcase classname="TestClasses.SwagLabTestClass" name="verifyTest5" time="1.866"/>
  <testcase classname="TestClasses.SwagLabTestClass" name="verifyTest2" time="0.544"/>
  <testcase classname="TestClasses.SwagLabTestClass" name="verifyTest23" time="0.535"/>
  <testcase classname="TestClasses.SwagLabTestClass" name="verifyTest3" time="0.282"/>
  <testcase classname="TestClasses.SwagLabTestClass" name="verifyTest4" time="0.844"/>
</testsuite> <!-- FireFoxTest -->
